{"level":"error","message":"Error connecting to database: SASL: SCRAM-SERVER-FIRST-MESSAGE: client password must be a string","stack":"Error: SASL: SCRAM-SERVER-FIRST-MESSAGE: client password must be a string\n    at C:\\Users\\91705\\OneDrive\\Desktop\\SkillSync\\Backend\\node_modules\\pg-pool\\index.js:45:11\n    at process.processTicksAndRejections (node:internal/process/task_queues:95:5)\n    at async testConnection (C:\\Users\\91705\\OneDrive\\Desktop\\SkillSync\\Backend\\config\\database.js:15:24)\n    at async Object.initialize (C:\\Users\\91705\\OneDrive\\Desktop\\SkillSync\\Backend\\config\\database.js:60:5)\n    at async testDatabaseConnection (C:\\Users\\91705\\OneDrive\\Desktop\\SkillSync\\Backend\\config\\testDb.js:6:9)","timestamp":"2025-05-13 23:47:08"}
{"code":"28P01","file":"auth.c","length":104,"level":"error","line":"324","message":"Error connecting to database: password authentication failed for user \"postgres\"","name":"error","routine":"auth_failed","severity":"FATAL","stack":"error: password authentication failed for user \"postgres\"\n    at C:\\Users\\91705\\OneDrive\\Desktop\\SkillSync\\Backend\\node_modules\\pg-pool\\index.js:45:11\n    at process.processTicksAndRejections (node:internal/process/task_queues:95:5)\n    at async testConnection (C:\\Users\\91705\\OneDrive\\Desktop\\SkillSync\\Backend\\config\\database.js:32:24)\n    at async Object.initialize (C:\\Users\\91705\\OneDrive\\Desktop\\SkillSync\\Backend\\config\\database.js:77:5)\n    at async testDatabaseConnection (C:\\Users\\91705\\OneDrive\\Desktop\\SkillSync\\Backend\\config\\testDb.js:6:9)","timestamp":"2025-05-13 23:51:35"}
{"level":"info","message":"Successfully connected to database","timestamp":"2025-05-13 23:52:26"}
{"level":"info","message":"Database tables initialized successfully","timestamp":"2025-05-13 23:52:26"}
{"level":"info","message":"Successfully connected to database","timestamp":"2025-05-13 23:54:52"}
{"level":"info","message":"Successfully connected to database","timestamp":"2025-05-13 23:54:52"}
{"level":"info","message":"Database tables initialized successfully","timestamp":"2025-05-13 23:54:52"}
{"level":"info","message":"Database tables initialized successfully","timestamp":"2025-05-13 23:54:52"}
{"level":"info","message":"Server running on http://localhost:5000","timestamp":"2025-05-13 23:54:52"}
{"level":"info","message":"Successfully connected to database","timestamp":"2025-05-13 23:54:53"}
{"level":"info","message":"Database tables initialized successfully","timestamp":"2025-05-13 23:54:53"}
{"level":"info","message":"Server running on http://localhost:5000","timestamp":"2025-05-13 23:54:53"}
{"level":"info","message":"Successfully connected to database","timestamp":"2025-05-13 23:54:53"}
{"level":"info","message":"Database tables initialized successfully","timestamp":"2025-05-13 23:54:53"}
{"level":"info","message":"Successfully connected to database","timestamp":"2025-05-13 23:55:24"}
{"level":"info","message":"Database tables initialized successfully","timestamp":"2025-05-13 23:55:24"}
{"level":"info","message":"Server running on http://localhost:5000","timestamp":"2025-05-13 23:55:24"}
{"level":"info","message":"Successfully connected to database","timestamp":"2025-05-13 23:55:24"}
{"level":"info","message":"Database tables initialized successfully","timestamp":"2025-05-13 23:55:24"}
{"level":"info","message":"Successfully connected to database","timestamp":"2025-05-13 23:55:25"}
{"level":"info","message":"Database tables initialized successfully","timestamp":"2025-05-13 23:55:25"}
{"level":"info","message":"Server running on http://localhost:5000","timestamp":"2025-05-13 23:55:25"}
{"level":"info","message":"Successfully connected to database","timestamp":"2025-05-13 23:55:25"}
{"level":"info","message":"Database tables initialized successfully","timestamp":"2025-05-13 23:55:25"}
{"level":"info","message":"Successfully connected to database","timestamp":"2025-05-13 23:55:38"}
{"level":"info","message":"Database tables initialized successfully","timestamp":"2025-05-13 23:55:38"}
{"level":"info","message":"Server running on http://localhost:5000","timestamp":"2025-05-13 23:55:38"}
